2025-09-03 08:21:47.767 [restartedMain] INFO  com.sakura.poetry.ThePoetryAppServerApplication - Starting ThePoetryAppServerApplication using Java 21.0.8 with PID 24008 (F:\qoder-dev\the-poetry-app-server\build\classes\java\main started by Sakura in F:\qoder-dev\the-poetry-app-server)
2025-09-03 08:21:47.772 [restartedMain] DEBUG com.sakura.poetry.ThePoetryAppServerApplication - Running with Spring Boot v3.5.5, Spring v6.2.10
2025-09-03 08:21:47.774 [restartedMain] INFO  com.sakura.poetry.ThePoetryAppServerApplication - No active profile set, falling back to 1 default profile: "default"
2025-09-03 08:21:47.917 [restartedMain] INFO  o.s.b.d.env.DevToolsPropertyDefaultsPostProcessor - Devtools property defaults active! Set 'spring.devtools.add-properties' to 'false' to disable
2025-09-03 08:21:47.918 [restartedMain] INFO  o.s.b.d.env.DevToolsPropertyDefaultsPostProcessor - For additional web related logging consider setting the 'logging.level.web' property to 'DEBUG'
2025-09-03 08:21:54.767 [restartedMain] INFO  o.s.d.r.config.RepositoryConfigurationDelegate - Multiple Spring Data modules found, entering strict repository configuration mode
2025-09-03 08:21:54.773 [restartedMain] INFO  o.s.d.r.config.RepositoryConfigurationDelegate - Bootstrapping Spring Data Redis repositories in DEFAULT mode.
2025-09-03 08:21:54.840 [restartedMain] INFO  o.s.d.r.config.RepositoryConfigurationDelegate - Finished Spring Data repository scanning in 34 ms. Found 0 Redis repository interfaces.
2025-09-03 08:21:56.339 [restartedMain] INFO  o.s.boot.web.embedded.tomcat.TomcatWebServer - Tomcat initialized with port 8080 (http)
2025-09-03 08:21:56.366 [restartedMain] INFO  org.apache.catalina.core.StandardService - Starting service [Tomcat]
2025-09-03 08:21:56.366 [restartedMain] INFO  org.apache.catalina.core.StandardEngine - Starting Servlet engine: [Apache Tomcat/10.1.44]
2025-09-03 08:21:56.456 [restartedMain] INFO  o.a.c.core.ContainerBase.[Tomcat].[localhost].[/] - Initializing Spring embedded WebApplicationContext
2025-09-03 08:21:56.457 [restartedMain] INFO  o.s.b.w.s.c.ServletWebServerApplicationContext - Root WebApplicationContext: initialization completed in 8536 ms
2025-09-03 08:21:57.586 [restartedMain] INFO  com.alibaba.druid.pool.DruidDataSource - {dataSource-1} inited
2025-09-03 08:21:59.343 [restartedMain] DEBUG c.sakura.poetry.security.JwtAuthenticationFilter - Filter 'jwtAuthenticationFilter' configured for use
2025-09-03 08:22:02.127 [restartedMain] INFO  o.s.b.actuate.endpoint.web.EndpointLinksResolver - Exposing 3 endpoints beneath base path '/actuator'
2025-09-03 08:22:02.220 [restartedMain] INFO  o.s.s.c.a.a.c.InitializeUserDetailsBeanManagerConfigurer$InitializeUserDetailsManagerConfigurer - Global AuthenticationManager configured with UserDetailsService bean with name customUserDetailsServiceImpl
2025-09-03 08:22:02.461 [restartedMain] DEBUG o.s.security.web.DefaultSecurityFilterChain - Will secure any request with filters: DisableEncodeUrlFilter, WebAsyncManagerIntegrationFilter, SecurityContextHolderFilter, HeaderWriterFilter, CorsFilter, LogoutFilter, JwtAuthenticationFilter, RequestCacheAwareFilter, SecurityContextHolderAwareRequestFilter, AnonymousAuthenticationFilter, SessionManagementFilter, ExceptionTranslationFilter, AuthorizationFilter
2025-09-03 08:22:02.854 [restartedMain] INFO  c.b.m.e.spring.MybatisPlusApplicationContextAware - Register ApplicationContext instances org.springframework.boot.web.servlet.context.AnnotationConfigServletWebServerApplicationContext@663eca16
2025-09-03 08:22:03.773 [restartedMain] INFO  o.s.b.d.autoconfigure.OptionalLiveReloadServer - LiveReload server is running on port 35729
2025-09-03 08:22:03.951 [restartedMain] INFO  o.s.boot.web.embedded.tomcat.TomcatWebServer - Tomcat started on port 8080 (http) with context path '/'
2025-09-03 08:22:03.982 [restartedMain] INFO  com.sakura.poetry.ThePoetryAppServerApplication - Started ThePoetryAppServerApplication in 18.134 seconds (process running for 20.056)
2025-09-03 08:22:04.319 [RMI TCP Connection(3)-192.168.197.1] INFO  o.a.c.core.ContainerBase.[Tomcat].[localhost].[/] - Initializing Spring DispatcherServlet 'dispatcherServlet'
2025-09-03 08:22:04.319 [RMI TCP Connection(3)-192.168.197.1] INFO  org.springframework.web.servlet.DispatcherServlet - Initializing Servlet 'dispatcherServlet'
2025-09-03 08:22:04.325 [RMI TCP Connection(3)-192.168.197.1] INFO  org.springframework.web.servlet.DispatcherServlet - Completed initialization in 6 ms
2025-09-03 08:22:22.505 [SpringApplicationShutdownHook] INFO  o.s.boot.web.embedded.tomcat.GracefulShutdown - Commencing graceful shutdown. Waiting for active requests to complete
2025-09-03 08:22:22.515 [tomcat-shutdown] INFO  o.s.boot.web.embedded.tomcat.GracefulShutdown - Graceful shutdown complete
2025-09-03 08:22:22.554 [SpringApplicationShutdownHook] INFO  com.alibaba.druid.pool.DruidDataSource - {dataSource-1} closing ...
2025-09-03 08:22:22.572 [SpringApplicationShutdownHook] INFO  com.alibaba.druid.pool.DruidDataSource - {dataSource-1} closed
